{"/home/runner/work/posthog-trpc/posthog-trpc/src/index.ts": {"path":"/home/runner/work/posthog-trpc/posthog-trpc/src/index.ts","statementMap":{"0":{"start":{"line":1,"column":0},"end":{"line":1,"column":24}},"1":{"start":{"line":2,"column":0},"end":{"line":2,"column":56}},"2":{"start":{"line":42,"column":29},"end":{"line":55,"column":14}},"3":{"start":{"line":61,"column":13},"end":{"line":97,"column":2}},"4":{"start":{"line":68,"column":8},"end":{"line":70,"column":4}},"5":{"start":{"line":75,"column":15},"end":{"line":75,"column":33}},"6":{"start":{"line":82,"column":44},"end":{"line":85,"column":4}},"7":{"start":{"line":92,"column":43},"end":{"line":96,"column":4}},"8":{"start":{"line":104,"column":33},"end":{"line":173,"column":1}},"9":{"start":{"line":107,"column":73},"end":{"line":111,"column":4}},"10":{"start":{"line":110,"column":6},"end":{"line":110,"column":77}},"11":{"start":{"line":113,"column":2},"end":{"line":117,"column":3}},"12":{"start":{"line":116,"column":4},"end":{"line":116,"column":32}},"13":{"start":{"line":116,"column":25},"end":{"line":116,"column":31}},"14":{"start":{"line":119,"column":23},"end":{"line":119,"column":54}},"15":{"start":{"line":121,"column":2},"end":{"line":172,"column":4}},"16":{"start":{"line":122,"column":19},"end":{"line":122,"column":31}},"17":{"start":{"line":123,"column":23},"end":{"line":123,"column":54}},"18":{"start":{"line":125,"column":4},"end":{"line":128,"column":5}},"19":{"start":{"line":127,"column":6},"end":{"line":127,"column":20}},"20":{"start":{"line":130,"column":4},"end":{"line":133,"column":5}},"21":{"start":{"line":132,"column":6},"end":{"line":132,"column":20}},"22":{"start":{"line":135,"column":4},"end":{"line":138,"column":5}},"23":{"start":{"line":137,"column":6},"end":{"line":137,"column":20}},"24":{"start":{"line":140,"column":23},"end":{"line":140,"column":69}},"25":{"start":{"line":141,"column":4},"end":{"line":143,"column":5}},"26":{"start":{"line":142,"column":6},"end":{"line":142,"column":20}},"27":{"start":{"line":146,"column":6},"end":{"line":154,"column":53}},"28":{"start":{"line":147,"column":25},"end":{"line":153,"column":10}},"29":{"start":{"line":154,"column":24},"end":{"line":154,"column":46}},"30":{"start":{"line":156,"column":21},"end":{"line":158,"column":10}},"31":{"start":{"line":160,"column":20},"end":{"line":168,"column":6}},"32":{"start":{"line":169,"column":4},"end":{"line":169,"column":42}},"33":{"start":{"line":171,"column":4},"end":{"line":171,"column":18}},"34":{"start":{"line":104,"column":13},"end":{"line":104,"column":33}}},"fnMap":{"0":{"name":"(anonymous_0)","decl":{"start":{"line":66,"column":11},"end":{"line":66,"column":null}},"loc":{"start":{"line":68,"column":8},"end":{"line":70,"column":4}}},"1":{"name":"(anonymous_1)","decl":{"start":{"line":75,"column":8},"end":{"line":75,"column":11}},"loc":{"start":{"line":75,"column":15},"end":{"line":75,"column":33}}},"2":{"name":"(anonymous_2)","decl":{"start":{"line":82,"column":10},"end":{"line":82,"column":11}},"loc":{"start":{"line":82,"column":44},"end":{"line":85,"column":4}}},"3":{"name":"(anonymous_3)","decl":{"start":{"line":92,"column":9},"end":{"line":92,"column":10}},"loc":{"start":{"line":92,"column":43},"end":{"line":96,"column":4}}},"4":{"name":"(anonymous_4)","decl":{"start":{"line":104,"column":33},"end":{"line":104,"column":null}},"loc":{"start":{"line":106,"column":42},"end":{"line":173,"column":1}}},"5":{"name":"(anonymous_5)","decl":{"start":{"line":109,"column":18},"end":{"line":109,"column":19}},"loc":{"start":{"line":110,"column":6},"end":{"line":110,"column":77}}},"6":{"name":"(anonymous_6)","decl":{"start":{"line":116,"column":11},"end":{"line":116,"column":12}},"loc":{"start":{"line":116,"column":25},"end":{"line":116,"column":31}}},"7":{"name":"(anonymous_7)","decl":{"start":{"line":121,"column":9},"end":{"line":121,"column":14}},"loc":{"start":{"line":121,"column":61},"end":{"line":172,"column":3}}},"8":{"name":"(anonymous_8)","decl":{"start":{"line":147,"column":14},"end":{"line":147,"column":15}},"loc":{"start":{"line":147,"column":25},"end":{"line":153,"column":10}}},"9":{"name":"(anonymous_9)","decl":{"start":{"line":154,"column":16},"end":{"line":154,"column":17}},"loc":{"start":{"line":154,"column":24},"end":{"line":154,"column":46}}}},"branchMap":{"0":{"loc":{"start":{"line":84,"column":14},"end":{"line":84,"column":26}},"type":"binary-expr","locations":[{"start":{"line":84,"column":14},"end":{"line":84,"column":18}},{"start":{"line":84,"column":22},"end":{"line":84,"column":26}}]},"1":{"loc":{"start":{"line":94,"column":14},"end":{"line":94,"column":26}},"type":"binary-expr","locations":[{"start":{"line":94,"column":14},"end":{"line":94,"column":18}},{"start":{"line":94,"column":22},"end":{"line":94,"column":26}}]},"2":{"loc":{"start":{"line":110,"column":9},"end":{"line":110,"column":60}},"type":"cond-expr","locations":[{"start":{"line":110,"column":38},"end":{"line":110,"column":46}},{"start":{"line":110,"column":49},"end":{"line":110,"column":60}}]},"3":{"loc":{"start":{"line":113,"column":2},"end":{"line":117,"column":3}},"type":"if","locations":[{"start":{"line":113,"column":2},"end":{"line":117,"column":3}}]},"4":{"loc":{"start":{"line":125,"column":4},"end":{"line":128,"column":5}},"type":"if","locations":[{"start":{"line":125,"column":4},"end":{"line":128,"column":5}}]},"5":{"loc":{"start":{"line":130,"column":4},"end":{"line":133,"column":5}},"type":"if","locations":[{"start":{"line":130,"column":4},"end":{"line":133,"column":5}}]},"6":{"loc":{"start":{"line":130,"column":8},"end":{"line":130,"column":59}},"type":"binary-expr","locations":[{"start":{"line":130,"column":8},"end":{"line":130,"column":27}},{"start":{"line":130,"column":31},"end":{"line":130,"column":59}}]},"7":{"loc":{"start":{"line":135,"column":4},"end":{"line":138,"column":5}},"type":"if","locations":[{"start":{"line":135,"column":4},"end":{"line":138,"column":5}}]},"8":{"loc":{"start":{"line":140,"column":23},"end":{"line":140,"column":69}},"type":"cond-expr","locations":[{"start":{"line":140,"column":30},"end":{"line":140,"column":62}},{"start":{"line":140,"column":65},"end":{"line":140,"column":69}}]},"9":{"loc":{"start":{"line":141,"column":4},"end":{"line":143,"column":5}},"type":"if","locations":[{"start":{"line":141,"column":4},"end":{"line":143,"column":5}}]},"10":{"loc":{"start":{"line":146,"column":6},"end":{"line":154,"column":53}},"type":"binary-expr","locations":[{"start":{"line":146,"column":6},"end":{"line":154,"column":47}},{"start":{"line":154,"column":51},"end":{"line":154,"column":53}}]},"11":{"loc":{"start":{"line":150,"column":12},"end":{"line":152,"column":48}},"type":"cond-expr","locations":[{"start":{"line":151,"column":16},"end":{"line":151,"column":62}},{"start":{"line":152,"column":16},"end":{"line":152,"column":48}}]},"12":{"loc":{"start":{"line":156,"column":21},"end":{"line":158,"column":10}},"type":"cond-expr","locations":[{"start":{"line":157,"column":8},"end":{"line":157,"column":45}},{"start":{"line":158,"column":8},"end":{"line":158,"column":10}}]},"13":{"loc":{"start":{"line":163,"column":16},"end":{"line":163,"column":53}},"type":"cond-expr","locations":[{"start":{"line":163,"column":38},"end":{"line":163,"column":46}},{"start":{"line":163,"column":49},"end":{"line":163,"column":53}}]}},"s":{"0":1,"1":1,"2":1,"3":1,"4":2,"5":1,"6":1,"7":4,"8":1,"9":7,"10":0,"11":7,"12":1,"13":1,"14":6,"15":6,"16":8,"17":8,"18":8,"19":0,"20":8,"21":1,"22":7,"23":0,"24":7,"25":7,"26":1,"27":6,"28":10,"29":10,"30":6,"31":6,"32":6,"33":6,"34":1},"f":{"0":2,"1":1,"2":1,"3":4,"4":7,"5":0,"6":1,"7":8,"8":10,"9":10},"b":{"0":[1,1],"1":[4,3],"2":[0,0],"3":[1],"4":[0],"5":[1],"6":[8,2],"7":[0],"8":[5,2],"9":[1],"10":[6,2],"11":[8,2],"12":[1,5],"13":[5,1]}}
,"/home/runner/work/posthog-trpc/posthog-trpc/src/utils.ts": {"path":"/home/runner/work/posthog-trpc/posthog-trpc/src/utils.ts","statementMap":{"0":{"start":{"line":23,"column":0},"end":{"line":23,"column":16}},"1":{"start":{"line":35,"column":0},"end":{"line":35,"column":16}},"2":{"start":{"line":1,"column":20},"end":{"line":6,"column":1}},"3":{"start":{"line":5,"column":2},"end":{"line":5,"column":57}},"4":{"start":{"line":8,"column":23},"end":{"line":21,"column":1}},"5":{"start":{"line":9,"column":2},"end":{"line":20,"column":3}},"6":{"start":{"line":10,"column":4},"end":{"line":16,"column":8}},"7":{"start":{"line":14,"column":10},"end":{"line":14,"column":63}},"8":{"start":{"line":18,"column":4},"end":{"line":18,"column":21}},"9":{"start":{"line":19,"column":4},"end":{"line":19,"column":24}},"10":{"start":{"line":8,"column":13},"end":{"line":8,"column":23}},"11":{"start":{"line":26,"column":31},"end":{"line":26,"column":49}},"12":{"start":{"line":28,"column":33},"end":{"line":28,"column":35}},"13":{"start":{"line":29,"column":2},"end":{"line":31,"column":5}},"14":{"start":{"line":30,"column":4},"end":{"line":30,"column":34}},"15":{"start":{"line":32,"column":2},"end":{"line":32,"column":13}},"16":{"start":{"line":36,"column":2},"end":{"line":40,"column":4}},"17":{"start":{"line":38,"column":12},"end":{"line":38,"column":18}},"18":{"start":{"line":39,"column":12},"end":{"line":39,"column":20}}},"fnMap":{"0":{"name":"(anonymous_0)","decl":{"start":{"line":1,"column":20},"end":{"line":1,"column":null}},"loc":{"start":{"line":4,"column":33},"end":{"line":6,"column":1}}},"1":{"name":"(anonymous_1)","decl":{"start":{"line":8,"column":23},"end":{"line":8,"column":27}},"loc":{"start":{"line":8,"column":75},"end":{"line":21,"column":1}}},"2":{"name":"(anonymous_2)","decl":{"start":{"line":13,"column":8},"end":{"line":13,"column":9}},"loc":{"start":{"line":14,"column":10},"end":{"line":14,"column":63}}},"3":{"name":"associateBy","decl":{"start":{"line":23,"column":16},"end":{"line":23,"column":27}},"loc":{"start":{"line":26,"column":49},"end":{"line":33,"column":1}}},"4":{"name":"(anonymous_4)","decl":{"start":{"line":26,"column":23},"end":{"line":26,"column":24}},"loc":{"start":{"line":26,"column":31},"end":{"line":26,"column":49}}},"5":{"name":"(anonymous_5)","decl":{"start":{"line":29,"column":15},"end":{"line":29,"column":16}},"loc":{"start":{"line":29,"column":22},"end":{"line":31,"column":3}}},"6":{"name":"toMap","decl":{"start":{"line":35,"column":16},"end":{"line":35,"column":21}},"loc":{"start":{"line":35,"column":58},"end":{"line":41,"column":1}}},"7":{"name":"(anonymous_7)","decl":{"start":{"line":38,"column":4},"end":{"line":38,"column":5}},"loc":{"start":{"line":38,"column":12},"end":{"line":38,"column":18}}},"8":{"name":"(anonymous_8)","decl":{"start":{"line":39,"column":4},"end":{"line":39,"column":5}},"loc":{"start":{"line":39,"column":12},"end":{"line":39,"column":20}}}},"branchMap":{"0":{"loc":{"start":{"line":5,"column":9},"end":{"line":5,"column":56}},"type":"binary-expr","locations":[{"start":{"line":5,"column":9},"end":{"line":5,"column":14}},{"start":{"line":5,"column":18},"end":{"line":5,"column":41}},{"start":{"line":5,"column":45},"end":{"line":5,"column":56}}]},"1":{"loc":{"start":{"line":14,"column":10},"end":{"line":14,"column":63}},"type":"cond-expr","locations":[{"start":{"line":14,"column":37},"end":{"line":14,"column":48}},{"start":{"line":14,"column":51},"end":{"line":14,"column":63}}]},"2":{"loc":{"start":{"line":26,"column":2},"end":{"line":26,"column":49}},"type":"default-arg","locations":[{"start":{"line":26,"column":23},"end":{"line":26,"column":49}}]}},"s":{"0":1,"1":1,"2":1,"3":10,"4":1,"5":10,"6":10,"7":10,"8":0,"9":0,"10":1,"11":0,"12":6,"13":6,"14":10,"15":6,"16":6,"17":10,"18":10},"f":{"0":10,"1":10,"2":10,"3":6,"4":0,"5":10,"6":6,"7":10,"8":10},"b":{"0":[10,10,10],"1":[6,4],"2":[0]}}
,"/home/runner/work/posthog-trpc/posthog-trpc/test/test.env.ts": {"path":"/home/runner/work/posthog-trpc/posthog-trpc/test/test.env.ts","statementMap":{"0":{"start":{"line":1,"column":0},"end":{"line":1,"column":72}},"1":{"start":{"line":2,"column":0},"end":{"line":2,"column":68}},"2":{"start":{"line":6,"column":32},"end":{"line":19,"column":1}},"3":{"start":{"line":9,"column":12},"end":{"line":9,"column":52}},"4":{"start":{"line":10,"column":17},"end":{"line":10,"column":25}},"5":{"start":{"line":11,"column":30},"end":{"line":11,"column":51}},"6":{"start":{"line":12,"column":27},"end":{"line":12,"column":69}},"7":{"start":{"line":14,"column":2},"end":{"line":18,"column":4}},"8":{"start":{"line":6,"column":13},"end":{"line":6,"column":32}}},"fnMap":{"0":{"name":"(anonymous_0)","decl":{"start":{"line":6,"column":32},"end":{"line":6,"column":null}},"loc":{"start":{"line":8,"column":4},"end":{"line":19,"column":1}}}},"branchMap":{},"s":{"0":1,"1":1,"2":1,"3":7,"4":7,"5":7,"6":7,"7":7,"8":1},"f":{"0":7},"b":{}}
}
