TN:
SF:src/index.ts
FN:66,(anonymous_0)
FN:75,(anonymous_1)
FN:82,(anonymous_2)
FN:92,(anonymous_3)
FN:104,(anonymous_4)
FN:109,(anonymous_5)
FN:116,(anonymous_6)
FN:121,(anonymous_7)
FN:147,(anonymous_8)
FN:154,(anonymous_9)
FNF:10
FNH:9
FNDA:2,(anonymous_0)
FNDA:1,(anonymous_1)
FNDA:1,(anonymous_2)
FNDA:4,(anonymous_3)
FNDA:7,(anonymous_4)
FNDA:0,(anonymous_5)
FNDA:1,(anonymous_6)
FNDA:8,(anonymous_7)
FNDA:10,(anonymous_8)
FNDA:10,(anonymous_9)
DA:1,1
DA:2,1
DA:42,1
DA:61,1
DA:68,2
DA:75,1
DA:82,1
DA:92,4
DA:104,1
DA:107,7
DA:110,0
DA:113,7
DA:116,1
DA:119,6
DA:121,6
DA:122,8
DA:123,8
DA:125,8
DA:127,0
DA:130,8
DA:132,1
DA:135,7
DA:137,0
DA:140,7
DA:141,7
DA:142,1
DA:146,6
DA:147,10
DA:154,10
DA:156,6
DA:160,6
DA:169,6
DA:171,6
LF:33
LH:30
BRDA:84,0,0,1
BRDA:84,0,1,1
BRDA:94,1,0,4
BRDA:94,1,1,3
BRDA:110,2,0,0
BRDA:110,2,1,0
BRDA:113,3,0,1
BRDA:125,4,0,0
BRDA:130,5,0,1
BRDA:130,6,0,8
BRDA:130,6,1,2
BRDA:135,7,0,0
BRDA:140,8,0,5
BRDA:140,8,1,2
BRDA:141,9,0,1
BRDA:146,10,0,6
BRDA:146,10,1,2
BRDA:150,11,0,8
BRDA:150,11,1,2
BRDA:156,12,0,1
BRDA:156,12,1,5
BRDA:163,13,0,5
BRDA:163,13,1,1
BRF:23
BRH:19
end_of_record
TN:
SF:src/utils.ts
FN:1,(anonymous_0)
FN:8,(anonymous_1)
FN:13,(anonymous_2)
FN:23,associateBy
FN:26,(anonymous_4)
FN:29,(anonymous_5)
FN:35,toMap
FN:38,(anonymous_7)
FN:39,(anonymous_8)
FNF:9
FNH:8
FNDA:10,(anonymous_0)
FNDA:10,(anonymous_1)
FNDA:10,(anonymous_2)
FNDA:6,associateBy
FNDA:0,(anonymous_4)
FNDA:10,(anonymous_5)
FNDA:6,toMap
FNDA:10,(anonymous_7)
FNDA:10,(anonymous_8)
DA:1,1
DA:5,10
DA:8,1
DA:9,10
DA:10,10
DA:14,10
DA:18,0
DA:19,0
DA:23,1
DA:26,0
DA:28,6
DA:29,6
DA:30,10
DA:32,6
DA:35,1
DA:36,6
DA:38,10
DA:39,10
LF:18
LH:15
BRDA:5,0,0,10
BRDA:5,0,1,10
BRDA:5,0,2,10
BRDA:14,1,0,6
BRDA:14,1,1,4
BRDA:26,2,0,0
BRF:6
BRH:5
end_of_record
TN:
SF:test/test.env.ts
FN:6,(anonymous_0)
FNF:1
FNH:1
FNDA:7,(anonymous_0)
DA:1,1
DA:2,1
DA:6,1
DA:9,7
DA:10,7
DA:11,7
DA:12,7
DA:14,7
LF:8
LH:8
BRF:0
BRH:0
end_of_record
