TN:
SF:src/index.ts
FN:68,(anonymous_0)
FN:77,(anonymous_1)
FN:84,(anonymous_2)
FN:94,(anonymous_3)
FN:106,(anonymous_4)
FN:111,(anonymous_5)
FN:118,(anonymous_6)
FN:123,(anonymous_7)
FN:149,(anonymous_8)
FN:156,(anonymous_9)
FNF:10
FNH:9
FNDA:2,(anonymous_0)
FNDA:1,(anonymous_1)
FNDA:1,(anonymous_2)
FNDA:4,(anonymous_3)
FNDA:7,(anonymous_4)
FNDA:0,(anonymous_5)
FNDA:1,(anonymous_6)
FNDA:8,(anonymous_7)
FNDA:10,(anonymous_8)
FNDA:10,(anonymous_9)
DA:1,1
DA:2,1
DA:44,1
DA:63,1
DA:70,2
DA:77,1
DA:84,1
DA:94,4
DA:106,1
DA:109,7
DA:112,0
DA:115,7
DA:118,1
DA:121,6
DA:123,6
DA:124,8
DA:125,8
DA:127,8
DA:129,0
DA:132,8
DA:134,1
DA:137,7
DA:139,0
DA:142,7
DA:143,7
DA:144,1
DA:148,6
DA:149,10
DA:156,10
DA:158,6
DA:162,6
DA:171,6
DA:173,6
LF:33
LH:30
BRDA:86,0,0,1
BRDA:86,0,1,1
BRDA:96,1,0,4
BRDA:96,1,1,3
BRDA:112,2,0,0
BRDA:112,2,1,0
BRDA:115,3,0,1
BRDA:127,4,0,0
BRDA:132,5,0,1
BRDA:132,6,0,8
BRDA:132,6,1,2
BRDA:137,7,0,0
BRDA:142,8,0,5
BRDA:142,8,1,2
BRDA:143,9,0,1
BRDA:148,10,0,6
BRDA:148,10,1,2
BRDA:152,11,0,8
BRDA:152,11,1,2
BRDA:158,12,0,1
BRDA:158,12,1,5
BRDA:165,13,0,5
BRDA:165,13,1,1
BRF:23
BRH:19
end_of_record
TN:
SF:src/utils.ts
FN:1,(anonymous_0)
FN:8,(anonymous_1)
FN:13,(anonymous_2)
FN:23,associateBy
FN:26,(anonymous_4)
FN:29,(anonymous_5)
FN:35,toMap
FN:38,(anonymous_7)
FN:39,(anonymous_8)
FNF:9
FNH:8
FNDA:10,(anonymous_0)
FNDA:10,(anonymous_1)
FNDA:10,(anonymous_2)
FNDA:6,associateBy
FNDA:0,(anonymous_4)
FNDA:10,(anonymous_5)
FNDA:6,toMap
FNDA:10,(anonymous_7)
FNDA:10,(anonymous_8)
DA:1,1
DA:5,10
DA:8,1
DA:9,10
DA:10,10
DA:14,10
DA:18,0
DA:19,0
DA:23,1
DA:26,0
DA:28,6
DA:29,6
DA:30,10
DA:32,6
DA:35,1
DA:36,6
DA:38,10
DA:39,10
LF:18
LH:15
BRDA:5,0,0,10
BRDA:5,0,1,10
BRDA:5,0,2,10
BRDA:14,1,0,6
BRDA:14,1,1,4
BRDA:26,2,0,0
BRF:6
BRH:5
end_of_record
TN:
SF:test/test.env.ts
FN:6,(anonymous_0)
FNF:1
FNH:1
FNDA:7,(anonymous_0)
DA:1,1
DA:2,1
DA:6,1
DA:9,7
DA:10,7
DA:11,7
DA:12,7
DA:14,7
LF:8
LH:8
BRF:0
BRH:0
end_of_record
